Determining if the Q_WS_WIN exist failed with the following output:
Change Dir: /geoto/nico/nico_3d/nccodec/build/CMakeFiles/CMakeTmp

Run Build Command:/usr/bin/gmake "cmTryCompileExec1858496100/fast"
/usr/bin/gmake -f CMakeFiles/cmTryCompileExec1858496100.dir/build.make CMakeFiles/cmTryCompileExec1858496100.dir/build
gmake[1]: Entering directory `/geoto/nico/nico_3d/nccodec/build/CMakeFiles/CMakeTmp'
/usr/bin/cmake -E cmake_progress_report /geoto/nico/nico_3d/nccodec/build/CMakeFiles/CMakeTmp/CMakeFiles 1
Building CXX object CMakeFiles/cmTryCompileExec1858496100.dir/CheckSymbolExists.cxx.o
/usr/bin/c++     -o CMakeFiles/cmTryCompileExec1858496100.dir/CheckSymbolExists.cxx.o -c /geoto/nico/nico_3d/nccodec/build/CMakeFiles/CMakeTmp/CheckSymbolExists.cxx
/geoto/nico/nico_3d/nccodec/build/CMakeFiles/CMakeTmp/CheckSymbolExists.cxx: In function ‘int main(int, char**)’:
/geoto/nico/nico_3d/nccodec/build/CMakeFiles/CMakeTmp/CheckSymbolExists.cxx:8:19: error: ‘Q_WS_WIN’ was not declared in this scope
   return ((int*)(&Q_WS_WIN))[argc];
                   ^
gmake[1]: *** [CMakeFiles/cmTryCompileExec1858496100.dir/CheckSymbolExists.cxx.o] Error 1
gmake[1]: Leaving directory `/geoto/nico/nico_3d/nccodec/build/CMakeFiles/CMakeTmp'
gmake: *** [cmTryCompileExec1858496100/fast] Error 2

File /geoto/nico/nico_3d/nccodec/build/CMakeFiles/CMakeTmp/CheckSymbolExists.cxx:
/* */
#include <QtCore/qglobal.h>

int main(int argc, char** argv)
{
  (void)argv;
#ifndef Q_WS_WIN
  return ((int*)(&Q_WS_WIN))[argc];
#else
  (void)argc;
  return 0;
#endif
}

Determining if the Q_WS_QWS exist failed with the following output:
Change Dir: /geoto/nico/nico_3d/nccodec/build/CMakeFiles/CMakeTmp

Run Build Command:/usr/bin/gmake "cmTryCompileExec2022299833/fast"
/usr/bin/gmake -f CMakeFiles/cmTryCompileExec2022299833.dir/build.make CMakeFiles/cmTryCompileExec2022299833.dir/build
gmake[1]: Entering directory `/geoto/nico/nico_3d/nccodec/build/CMakeFiles/CMakeTmp'
/usr/bin/cmake -E cmake_progress_report /geoto/nico/nico_3d/nccodec/build/CMakeFiles/CMakeTmp/CMakeFiles 1
Building CXX object CMakeFiles/cmTryCompileExec2022299833.dir/CheckSymbolExists.cxx.o
/usr/bin/c++     -o CMakeFiles/cmTryCompileExec2022299833.dir/CheckSymbolExists.cxx.o -c /geoto/nico/nico_3d/nccodec/build/CMakeFiles/CMakeTmp/CheckSymbolExists.cxx
/geoto/nico/nico_3d/nccodec/build/CMakeFiles/CMakeTmp/CheckSymbolExists.cxx: In function ‘int main(int, char**)’:
/geoto/nico/nico_3d/nccodec/build/CMakeFiles/CMakeTmp/CheckSymbolExists.cxx:8:19: error: ‘Q_WS_QWS’ was not declared in this scope
   return ((int*)(&Q_WS_QWS))[argc];
                   ^
gmake[1]: *** [CMakeFiles/cmTryCompileExec2022299833.dir/CheckSymbolExists.cxx.o] Error 1
gmake[1]: Leaving directory `/geoto/nico/nico_3d/nccodec/build/CMakeFiles/CMakeTmp'
gmake: *** [cmTryCompileExec2022299833/fast] Error 2

File /geoto/nico/nico_3d/nccodec/build/CMakeFiles/CMakeTmp/CheckSymbolExists.cxx:
/* */
#include <QtCore/qglobal.h>

int main(int argc, char** argv)
{
  (void)argv;
#ifndef Q_WS_QWS
  return ((int*)(&Q_WS_QWS))[argc];
#else
  (void)argc;
  return 0;
#endif
}

Determining if the Q_WS_MAC exist failed with the following output:
Change Dir: /geoto/nico/nico_3d/nccodec/build/CMakeFiles/CMakeTmp

Run Build Command:/usr/bin/gmake "cmTryCompileExec450210126/fast"
/usr/bin/gmake -f CMakeFiles/cmTryCompileExec450210126.dir/build.make CMakeFiles/cmTryCompileExec450210126.dir/build
gmake[1]: Entering directory `/geoto/nico/nico_3d/nccodec/build/CMakeFiles/CMakeTmp'
/usr/bin/cmake -E cmake_progress_report /geoto/nico/nico_3d/nccodec/build/CMakeFiles/CMakeTmp/CMakeFiles 1
Building CXX object CMakeFiles/cmTryCompileExec450210126.dir/CheckSymbolExists.cxx.o
/usr/bin/c++     -o CMakeFiles/cmTryCompileExec450210126.dir/CheckSymbolExists.cxx.o -c /geoto/nico/nico_3d/nccodec/build/CMakeFiles/CMakeTmp/CheckSymbolExists.cxx
/geoto/nico/nico_3d/nccodec/build/CMakeFiles/CMakeTmp/CheckSymbolExists.cxx: In function ‘int main(int, char**)’:
/geoto/nico/nico_3d/nccodec/build/CMakeFiles/CMakeTmp/CheckSymbolExists.cxx:8:19: error: ‘Q_WS_MAC’ was not declared in this scope
   return ((int*)(&Q_WS_MAC))[argc];
                   ^
gmake[1]: *** [CMakeFiles/cmTryCompileExec450210126.dir/CheckSymbolExists.cxx.o] Error 1
gmake[1]: Leaving directory `/geoto/nico/nico_3d/nccodec/build/CMakeFiles/CMakeTmp'
gmake: *** [cmTryCompileExec450210126/fast] Error 2

File /geoto/nico/nico_3d/nccodec/build/CMakeFiles/CMakeTmp/CheckSymbolExists.cxx:
/* */
#include <QtCore/qglobal.h>

int main(int argc, char** argv)
{
  (void)argv;
#ifndef Q_WS_MAC
  return ((int*)(&Q_WS_MAC))[argc];
#else
  (void)argc;
  return 0;
#endif
}

